# JRE version: OpenJDK Runtime Environment (11.0.10) (build 11.0.10+0-b96-7249189)
# Java VM: OpenJDK 64-Bit Server VM (11.0.10+0-b96-7249189, mixed mode, tiered, compressed oops, g1 gc, windows-amd64)
Heap:
 garbage-first heap   total 227328K, used 132851K [0x00000000a0000000, 0x0000000100000000)
  region size 1024K, 35 young (35840K), 7 survivors (7168K)
 Metaspace       used 107237K, capacity 109966K, committed 110208K, reserved 1144832K
  class space    used 13302K, capacity 14205K, committed 14208K, reserved 1048576K
GC Heap History (20 events):
Event: 18.926 GC heap before
{Heap before GC invocations=40 (full 0):
 garbage-first heap   total 227328K, used 153501K [0x00000000a0000000, 0x0000000100000000)
  region size 1024K, 22 young (22528K), 4 survivors (4096K)
 Metaspace       used 66794K, capacity 68502K, committed 68696K, reserved 1110016K
  class space    used 8514K, capacity 9107K, committed 9216K, reserved 1048576K
}
Event: 18.933 GC heap after
{Heap after GC invocations=41 (full 0):
 garbage-first heap   total 227328K, used 137375K [0x00000000a0000000, 0x0000000100000000)
  region size 1024K, 2 young (2048K), 2 survivors (2048K)
 Metaspace       used 66794K, capacity 68502K, committed 68696K, reserved 1110016K
  class space    used 8514K, capacity 9107K, committed 9216K, reserved 1048576K
}
Event: 19.810 GC heap before
{Heap before GC invocations=42 (full 0):
 garbage-first heap   total 227328K, used 117919K [0x00000000a0000000, 0x0000000100000000)
  region size 1024K, 42 young (43008K), 2 survivors (2048K)
 Metaspace       used 69288K, capacity 71000K, committed 71296K, reserved 1112064K
  class space    used 8931K, capacity 9520K, committed 9600K, reserved 1048576K
}
Event: 19.816 GC heap after
{Heap after GC invocations=43 (full 0):
 garbage-first heap   total 227328K, used 79517K [0x00000000a0000000, 0x0000000100000000)
  region size 1024K, 4 young (4096K), 4 survivors (4096K)
 Metaspace       used 69288K, capacity 71000K, committed 71296K, reserved 1112064K
  class space    used 8931K, capacity 9520K, committed 9600K, reserved 1048576K
}
Event: 19.961 GC heap before
{Heap before GC invocations=43 (full 0):
 garbage-first heap   total 227328K, used 86685K [0x00000000a0000000, 0x0000000100000000)
  region size 1024K, 11 young (11264K), 4 survivors (4096K)
 Metaspace       used 70105K, capacity 71800K, committed 71936K, reserved 1112064K
  class space    used 9053K, capacity 9616K, committed 9728K, reserved 1048576K
}
Event: 19.968 GC heap after
{Heap after GC invocations=44 (full 0):
 garbage-first heap   total 227328K, used 73766K [0x00000000a0000000, 0x0000000100000000)
  region size 1024K, 1 young (1024K), 1 survivors (1024K)
 Metaspace       used 70105K, capacity 71800K, committed 71936K, reserved 1112064K
  class space    used 9053K, capacity 9616K, committed 9728K, reserved 1048576K
}
Event: 21.605 GC heap before
{Heap before GC invocations=44 (full 0):
 garbage-first heap   total 227328K, used 145446K [0x00000000a0000000, 0x0000000100000000)
  region size 1024K, 71 young (72704K), 1 survivors (1024K)
 Metaspace       used 76233K, capacity 78136K, committed 78208K, reserved 1118208K
  class space    used 9759K, capacity 10350K, committed 10368K, reserved 1048576K
}
Event: 21.612 GC heap after
{Heap after GC invocations=45 (full 0):
 garbage-first heap   total 227328K, used 78391K [0x00000000a0000000, 0x0000000100000000)
  region size 1024K, 6 young (6144K), 6 survivors (6144K)
 Metaspace       used 76233K, capacity 78136K, committed 78208K, reserved 1118208K
  class space    used 9759K, capacity 10350K, committed 10368K, reserved 1048576K
}
Event: 24.270 GC heap before
{Heap before GC invocations=45 (full 0):
 garbage-first heap   total 227328K, used 151095K [0x00000000a0000000, 0x0000000100000000)
  region size 1024K, 78 young (79872K), 6 survivors (6144K)
 Metaspace       used 85401K, capacity 87646K, committed 87808K, reserved 1126400K
  class space    used 10991K, capacity 11724K, committed 11776K, reserved 1048576K
}
Event: 24.279 GC heap after
{Heap after GC invocations=46 (full 0):
 garbage-first heap   total 227328K, used 83402K [0x00000000a0000000, 0x0000000100000000)
  region size 1024K, 10 young (10240K), 10 survivors (10240K)
 Metaspace       used 85401K, capacity 87646K, committed 87808K, reserved 1126400K
  class space    used 10991K, capacity 11724K, committed 11776K, reserved 1048576K
}
Event: 25.372 GC heap before
{Heap before GC invocations=46 (full 0):
 garbage-first heap   total 227328K, used 158154K [0x00000000a0000000, 0x0000000100000000)
  region size 1024K, 84 young (86016K), 10 survivors (10240K)
 Metaspace       used 88662K, capacity 90998K, committed 91264K, reserved 1128448K
  class space    used 11368K, capacity 12129K, committed 12160K, reserved 1048576K
}
Event: 25.385 GC heap after
{Heap after GC invocations=47 (full 0):
 garbage-first heap   total 227328K, used 87621K [0x00000000a0000000, 0x0000000100000000)
  region size 1024K, 9 young (9216K), 9 survivors (9216K)
 Metaspace       used 88662K, capacity 90998K, committed 91264K, reserved 1128448K
  class space    used 11368K, capacity 12129K, committed 12160K, reserved 1048576K
}
Event: 31.488 GC heap before
{Heap before GC invocations=47 (full 0):
 garbage-first heap   total 227328K, used 164421K [0x00000000a0000000, 0x0000000100000000)
  region size 1024K, 84 young (86016K), 9 survivors (9216K)
 Metaspace       used 91731K, capacity 94076K, committed 94208K, reserved 1130496K
  class space    used 11643K, capacity 12457K, committed 12544K, reserved 1048576K
}
Event: 31.501 GC heap after
{Heap after GC invocations=48 (full 0):
 garbage-first heap   total 227328K, used 93294K [0x00000000a0000000, 0x0000000100000000)
  region size 1024K, 10 young (10240K), 10 survivors (10240K)
 Metaspace       used 91731K, capacity 94076K, committed 94208K, reserved 1130496K
  class space    used 11643K, capacity 12457K, committed 12544K, reserved 1048576K
}
Event: 291.451 GC heap before
{Heap before GC invocations=48 (full 0):
 garbage-first heap   total 227328K, used 169070K [0x00000000a0000000, 0x0000000100000000)
  region size 1024K, 85 young (87040K), 10 survivors (10240K)
 Metaspace       used 97769K, capacity 100322K, committed 100608K, reserved 1136640K
  class space    used 12174K, capacity 13023K, committed 13056K, reserved 1048576K
}
Event: 291.469 GC heap after
{Heap after GC invocations=49 (full 0):
 garbage-first heap   total 227328K, used 99328K [0x00000000a0000000, 0x0000000100000000)
  region size 1024K, 11 young (11264K), 11 survivors (11264K)
 Metaspace       used 97769K, capacity 100322K, committed 100608K, reserved 1136640K
  class space    used 12174K, capacity 13023K, committed 13056K, reserved 1048576K
}
Event: 293.293 GC heap before
{Heap before GC invocations=49 (full 0):
 garbage-first heap   total 227328K, used 173056K [0x00000000a0000000, 0x0000000100000000)
  region size 1024K, 84 young (86016K), 11 survivors (11264K)
 Metaspace       used 98609K, capacity 101167K, committed 101248K, reserved 1136640K
  class space    used 12260K, capacity 13110K, committed 13184K, reserved 1048576K
}
Event: 293.310 GC heap after
{Heap after GC invocations=50 (full 0):
 garbage-first heap   total 227328K, used 105689K [0x00000000a0000000, 0x0000000100000000)
  region size 1024K, 6 young (6144K), 6 survivors (6144K)
 Metaspace       used 98609K, capacity 101167K, committed 101248K, reserved 1136640K
  class space    used 12260K, capacity 13110K, committed 13184K, reserved 1048576K
}
Event: 300.390 GC heap before
{Heap before GC invocations=50 (full 0):
 garbage-first heap   total 227328K, used 177369K [0x00000000a0000000, 0x0000000100000000)
  region size 1024K, 77 young (78848K), 6 survivors (6144K)
 Metaspace       used 101447K, capacity 104137K, committed 104448K, reserved 1140736K
  class space    used 12590K, capacity 13495K, committed 13568K, reserved 1048576K
}
Event: 300.401 GC heap after
{Heap after GC invocations=51 (full 0):
 garbage-first heap   total 227328K, used 106227K [0x00000000a0000000, 0x0000000100000000)
  region size 1024K, 7 young (7168K), 7 survivors (7168K)
 Metaspace       used 101447K, capacity 104137K, committed 104448K, reserved 1140736K
  class space    used 12590K, capacity 13495K, committed 13568K, reserved 1048576K
}

